<?xml version="1.0" encoding="UTF-8"?>
<!-- Generated by org.testng.reporters.JUnitXMLReporter -->
<testsuite ignored="0" hostname="Production" failures="0" tests="3" name="Test" time="26.939" errors="0" timestamp="2023-07-27T16:56:19 IST">
  <testcase classname="testClasses.Amazon" name="amazonTesting" time="11.538"/>
  <testcase classname="testClasses.Ajio" name="ajioTesting" time="7.044"/>
  <testcase classname="testClasses.Flipkart" name="flipkartTesting" time="8.318"/>
</testsuite> <!-- Test -->
