<?xml version="1.0" encoding="UTF-8"?>
<!-- Generated by org.testng.reporters.JUnitXMLReporter -->
<testsuite ignored="0" hostname="Production" failures="0" tests="3" name="Test" time="22.566" errors="0" timestamp="2023-07-27T16:58:35 IST">
  <testcase classname="testClasses.Amazon" name="amazonTesting" time="7.972"/>
  <testcase classname="testClasses.Ajio" name="ajioTesting" time="7.674"/>
  <testcase classname="testClasses.Flipkart" name="flipkartTesting" time="6.892"/>
</testsuite> <!-- Test -->
