<?xml version="1.0" encoding="UTF-8"?>
<testng-results ignored="0" total="3" passed="3" failed="0" skipped="0">
  <reporter-output>
    <line>
      <![CDATA[Opening Amazon]]>
    </line>
    <line>
      <![CDATA[Opening Ajio]]>
    </line>
    <line>
      <![CDATA[Opening Flipkart]]>
    </line>
  </reporter-output>
  <suite started-at="2023-07-27T16:58:12 IST" name="Suite" finished-at="2023-07-27T16:58:35 IST" duration-ms="22566">
    <groups>
    </groups>
    <test started-at="2023-07-27T16:58:12 IST" name="Test" finished-at="2023-07-27T16:58:35 IST" duration-ms="22566">
      <class name="testClasses.Amazon">
        <test-method signature="amazonTesting()[pri:0, instance:testClasses.Amazon@2f7298b]" started-at="2023-07-27T16:58:12 IST" name="amazonTesting" finished-at="2023-07-27T16:58:20 IST" duration-ms="7972" status="PASS">
          <reporter-output>
            <line>
              <![CDATA[Opening Amazon]]>
            </line>
          </reporter-output>
        </test-method> <!-- amazonTesting -->
      </class> <!-- testClasses.Amazon -->
      <class name="testClasses.Flipkart">
        <test-method signature="flipkartTesting()[pri:0, instance:testClasses.Flipkart@56620197]" started-at="2023-07-27T16:58:28 IST" name="flipkartTesting" finished-at="2023-07-27T16:58:35 IST" duration-ms="6892" status="PASS">
          <reporter-output>
            <line>
              <![CDATA[Opening Flipkart]]>
            </line>
          </reporter-output>
        </test-method> <!-- flipkartTesting -->
      </class> <!-- testClasses.Flipkart -->
      <class name="testClasses.Ajio">
        <test-method signature="ajioTesting()[pri:0, instance:testClasses.Ajio@393671df]" started-at="2023-07-27T16:58:20 IST" name="ajioTesting" finished-at="2023-07-27T16:58:28 IST" duration-ms="7674" status="PASS">
          <reporter-output>
            <line>
              <![CDATA[Opening Ajio]]>
            </line>
          </reporter-output>
        </test-method> <!-- ajioTesting -->
      </class> <!-- testClasses.Ajio -->
    </test> <!-- Test -->
  </suite> <!-- Suite -->
</testng-results>
