<?xml version="1.0" encoding="UTF-8"?>
<testng-results ignored="0" total="3" passed="3" failed="0" skipped="0">
  <reporter-output>
    <line>
      <![CDATA[Opening Amazon]]>
    </line>
    <line>
      <![CDATA[Opening Ajio]]>
    </line>
    <line>
      <![CDATA[Opening Flipkart]]>
    </line>
  </reporter-output>
  <suite started-at="2023-07-27T16:55:52 IST" name="Suite" finished-at="2023-07-27T16:56:19 IST" duration-ms="26939">
    <groups>
    </groups>
    <test started-at="2023-07-27T16:55:52 IST" name="Test" finished-at="2023-07-27T16:56:19 IST" duration-ms="26939">
      <class name="testClasses.Amazon">
        <test-method signature="amazonTesting()[pri:0, instance:testClasses.Amazon@7d8995e]" started-at="2023-07-27T16:55:52 IST" name="amazonTesting" finished-at="2023-07-27T16:56:03 IST" duration-ms="11538" status="PASS">
          <reporter-output>
            <line>
              <![CDATA[Opening Amazon]]>
            </line>
          </reporter-output>
        </test-method> <!-- amazonTesting -->
      </class> <!-- testClasses.Amazon -->
      <class name="testClasses.Flipkart">
        <test-method signature="flipkartTesting()[pri:0, instance:testClasses.Flipkart@49e53c76]" started-at="2023-07-27T16:56:10 IST" name="flipkartTesting" finished-at="2023-07-27T16:56:19 IST" duration-ms="8318" status="PASS">
          <reporter-output>
            <line>
              <![CDATA[Opening Flipkart]]>
            </line>
          </reporter-output>
        </test-method> <!-- flipkartTesting -->
      </class> <!-- testClasses.Flipkart -->
      <class name="testClasses.Ajio">
        <test-method signature="ajioTesting()[pri:0, instance:testClasses.Ajio@38d8f54a]" started-at="2023-07-27T16:56:03 IST" name="ajioTesting" finished-at="2023-07-27T16:56:10 IST" duration-ms="7044" status="PASS">
          <reporter-output>
            <line>
              <![CDATA[Opening Ajio]]>
            </line>
          </reporter-output>
        </test-method> <!-- ajioTesting -->
      </class> <!-- testClasses.Ajio -->
    </test> <!-- Test -->
  </suite> <!-- Suite -->
</testng-results>
